  [1m[35m (124.5ms)[0m  [1m[35mCREATE TABLE "schema_migrations" ("version" character varying NOT NULL PRIMARY KEY)[0m
  [1m[35m (7.1ms)[0m  [1m[35mCREATE TABLE "ar_internal_metadata" ("key" character varying NOT NULL PRIMARY KEY, "value" character varying, "created_at" timestamp NOT NULL, "updated_at" timestamp NOT NULL)[0m
  [1m[35m (10.2ms)[0m  [1m[34mSELECT pg_try_advisory_lock(812822004910842570)[0m
  [1m[35m (0.5ms)[0m  [1m[34mSELECT "schema_migrations"."version" FROM "schema_migrations" ORDER BY "schema_migrations"."version" ASC[0m
  [1m[36mActiveRecord::InternalMetadata Load (0.4ms)[0m  [1m[34mSELECT  "ar_internal_metadata".* FROM "ar_internal_metadata" WHERE "ar_internal_metadata"."key" = $1 LIMIT $2[0m  [["key", "environment"], ["LIMIT", 1]]
  [1m[35m (0.3ms)[0m  [1m[35mBEGIN[0m
  [1m[35mSQL (27.0ms)[0m  [1m[32mINSERT INTO "ar_internal_metadata" ("key", "value", "created_at", "updated_at") VALUES ($1, $2, $3, $4) RETURNING "key"[0m  [["key", "environment"], ["value", "development"], ["created_at", "2019-07-13 20:54:41.489188"], ["updated_at", "2019-07-13 20:54:41.489188"]]
  [1m[35m (1.9ms)[0m  [1m[35mCOMMIT[0m
  [1m[35m (0.4ms)[0m  [1m[34mSELECT pg_advisory_unlock(812822004910842570)[0m
  [1m[35m (0.3ms)[0m  [1m[34mSELECT "schema_migrations"."version" FROM "schema_migrations" ORDER BY "schema_migrations"."version" ASC[0m
Started GET "/" for ::1 at 2019-07-13 16:54:54 -0400
Processing by Rails::WelcomeController#index as HTML
  Rendering /home/holst/.rbenv/versions/2.6.3/lib/ruby/gems/2.6.0/gems/railties-5.1.7/lib/rails/templates/rails/welcome/index.html.erb
  Rendered /home/holst/.rbenv/versions/2.6.3/lib/ruby/gems/2.6.0/gems/railties-5.1.7/lib/rails/templates/rails/welcome/index.html.erb (24.4ms)
Completed 200 OK in 241ms (Views: 64.4ms)


Started GET "/" for ::1 at 2019-07-13 17:22:34 -0400
Processing by Rails::WelcomeController#index as HTML
  Rendering /home/holst/.rbenv/versions/2.6.3/lib/ruby/gems/2.6.0/gems/railties-5.1.7/lib/rails/templates/rails/welcome/index.html.erb
  Rendered /home/holst/.rbenv/versions/2.6.3/lib/ruby/gems/2.6.0/gems/railties-5.1.7/lib/rails/templates/rails/welcome/index.html.erb (41.2ms)
Completed 200 OK in 621ms (Views: 57.9ms)


Started GET "/" for ::1 at 2019-07-13 17:26:00 -0400
Processing by Rails::WelcomeController#index as HTML
  Rendering /home/holst/.rbenv/versions/2.6.3/lib/ruby/gems/2.6.0/gems/railties-5.1.7/lib/rails/templates/rails/welcome/index.html.erb
  Rendered /home/holst/.rbenv/versions/2.6.3/lib/ruby/gems/2.6.0/gems/railties-5.1.7/lib/rails/templates/rails/welcome/index.html.erb (2.7ms)
Completed 200 OK in 225ms (Views: 5.3ms)


Started GET "/" for ::1 at 2019-07-13 17:30:25 -0400
Processing by WelcomeController#index as HTML
  Rendering welcome/index.html.erb within layouts/application
  Rendered welcome/index.html.erb within layouts/application (0.8ms)
Completed 200 OK in 3704ms (Views: 3530.9ms)


Started GET "/" for ::1 at 2019-07-14 17:05:36 -0400
Processing by WelcomeController#index as HTML
  Rendering welcome/index.html.erb within layouts/application
  Rendered welcome/index.html.erb within layouts/application (1.5ms)
Completed 500 Internal Server Error in 9548ms


  
ActionView::Template::Error (couldn't find file 'activestorage' with type 'application/javascript'
Checked in these paths: 
  /home/holst/Desktop/TBT-Ferguson/app/assets/config
  /home/holst/Desktop/TBT-Ferguson/app/assets/images
  /home/holst/Desktop/TBT-Ferguson/app/assets/javascripts
  /home/holst/Desktop/TBT-Ferguson/app/assets/stylesheets
  /home/holst/.rbenv/versions/2.6.3/lib/ruby/gems/2.6.0/gems/jquery-rails-4.3.5/vendor/assets/javascripts
  /home/holst/.rbenv/versions/2.6.3/lib/ruby/gems/2.6.0/gems/coffee-rails-4.2.2/lib/assets/javascripts
  /home/holst/.rbenv/versions/2.6.3/lib/ruby/gems/2.6.0/gems/actioncable-5.1.7/lib/assets/compiled
  /home/holst/.rbenv/versions/2.6.3/lib/ruby/gems/2.6.0/gems/actionview-5.1.7/lib/assets/compiled
  /home/holst/.rbenv/versions/2.6.3/lib/ruby/gems/2.6.0/gems/turbolinks-source-5.2.0/lib/assets/javascripts
  /home/holst/Desktop/TBT-Ferguson/node_modules
  /home/holst/.rbenv/versions/2.6.3/lib/ruby/gems/2.6.0/gems/popper_js-1.14.5/assets/javascripts
  /home/holst/.rbenv/versions/2.6.3/lib/ruby/gems/2.6.0/gems/bootstrap-4.0.0/assets/stylesheets
  /home/holst/.rbenv/versions/2.6.3/lib/ruby/gems/2.6.0/gems/bootstrap-4.0.0/assets/javascripts):
    4:     <title>TBTFerguson</title>
    5:     <%= csrf_meta_tags %>
    6: 
    7:     <%= stylesheet_link_tag    'application', media: 'all', 'data-turbolinks-track': 'reload' %>
    8:     <%= javascript_include_tag 'application', 'data-turbolinks-track': 'reload' %>
    9:   </head>
   10: 
  
app/assets/javascripts/application.js:19
app/views/layouts/application.html.erb:7:in `_app_views_layouts_application_html_erb__2409911396155739089_70279324867120'
Started GET "/" for ::1 at 2019-07-14 17:06:21 -0400
Processing by WelcomeController#index as HTML
  Rendering welcome/index.html.erb within layouts/application
  Rendered welcome/index.html.erb within layouts/application (2.2ms)
Completed 200 OK in 1846ms (Views: 1345.1ms)


